Using pre-set license
Built from '2020.3/staging' branch; Version is '2020.3.22f1 (e1a7f79fd887) revision 14788599'; Using compiler version '192528614'; Build Type 'Release'
OS: 'Windows 10 Home; OS build 19042.1415; Version 2009; 64bit' Language: 'zh' Physical Memory: 8037 MB
BatchMode: 1, IsHumanControllingUs: 0, StartBugReporterOnCrash: 0, Is64bit: 1, IsPro: 0

COMMAND LINE ARGUMENTS:
C:\Program Files\Unity\Hub\Editor\2020.3.22f1\Editor\Unity.exe
-adb2
-batchMode
-noUpm
-name
AssetImportWorker0
-projectPath
C:/Users/User/Documents/GitHub/Game/Game
-logFile
Logs/AssetImportWorker0.log
-srvPort
60606
Successfully changed project path to: C:/Users/User/Documents/GitHub/Game/Game
C:/Users/User/Documents/GitHub/Game/Game
Using Asset Import Pipeline V2.
Refreshing native plugins compatible for Editor in 43.82 ms, found 3 plugins.
Preloading 0 native plugins for Editor in 0.00 ms.
Initialize engine version: 2020.3.22f1 (e1a7f79fd887)
[Subsystems] Discovering subsystems at path C:/Program Files/Unity/Hub/Editor/2020.3.22f1/Editor/Data/Resources/UnitySubsystems
[Subsystems] Discovering subsystems at path C:/Users/User/Documents/GitHub/Game/Game/Assets
GfxDevice: creating device client; threaded=0
Direct3D:
    Version:  Direct3D 11.0 [level 11.1]
    Renderer: NVIDIA GeForce GTX 1650 (ID=0x1f91)
    Vendor:   
    VRAM:     3962 MB
    Driver:   26.21.14.3091
Initialize mono
Mono path[0] = 'C:/Program Files/Unity/Hub/Editor/2020.3.22f1/Editor/Data/Managed'
Mono path[1] = 'C:/Program Files/Unity/Hub/Editor/2020.3.22f1/Editor/Data/MonoBleedingEdge/lib/mono/unityjit'
Mono config path = 'C:/Program Files/Unity/Hub/Editor/2020.3.22f1/Editor/Data/MonoBleedingEdge/etc'
Using monoOptions --debugger-agent=transport=dt_socket,embedding=1,server=y,suspend=n,address=127.0.0.1:56912
Begin MonoManager ReloadAssembly
Registering precompiled unity dll's ...
Register platform support module: C:/Program Files/Unity/Hub/Editor/2020.3.22f1/Editor/Data/PlaybackEngines/WindowsStandaloneSupport/UnityEditor.WindowsStandalone.Extensions.dll
Registered in 0.001811 seconds.
Native extension for WindowsStandalone target not found
Refreshing native plugins compatible for Editor in 37.87 ms, found 3 plugins.
Preloading 0 native plugins for Editor in 0.00 ms.
Mono: successfully reloaded assembly
- Completed reload, in  0.908 seconds
Domain Reload Profiling:
	ReloadAssembly (908ms)
		BeginReloadAssembly (50ms)
			ExecutionOrderSort (0ms)
			DisableScriptedObjects (0ms)
			BackupInstance (0ms)
			ReleaseScriptingObjects (0ms)
			CreateAndSetChildDomain (1ms)
		EndReloadAssembly (374ms)
			LoadAssemblies (47ms)
			RebuildTransferFunctionScriptingTraits (0ms)
			SetupTypeCache (129ms)
			ReleaseScriptCaches (0ms)
			RebuildScriptCaches (29ms)
			SetupLoadedEditorAssemblies (140ms)
				LogAssemblyErrors (0ms)
				InitializePlatformSupportModulesInManaged (3ms)
				SetLoadedEditorAssemblies (0ms)
				RefreshPlugins (38ms)
				BeforeProcessingInitializeOnLoad (7ms)
				ProcessInitializeOnLoadAttributes (68ms)
				ProcessInitializeOnLoadMethodAttributes (24ms)
				AfterProcessingInitializeOnLoad (0ms)
				EditorAssembliesLoaded (0ms)
			ExecutionOrderSort2 (0ms)
			AwakeInstancesAfterBackupRestoration (0ms)
Platform modules already initialized, skipping
Registering precompiled user dll's ...
Registered in 0.004652 seconds.
Begin MonoManager ReloadAssembly
Native extension for WindowsStandalone target not found
Refreshing native plugins compatible for Editor in 38.52 ms, found 3 plugins.
Preloading 0 native plugins for Editor in 0.00 ms.
Mono: successfully reloaded assembly
- Completed reload, in  0.958 seconds
Domain Reload Profiling:
	ReloadAssembly (959ms)
		BeginReloadAssembly (126ms)
			ExecutionOrderSort (0ms)
			DisableScriptedObjects (4ms)
			BackupInstance (0ms)
			ReleaseScriptingObjects (0ms)
			CreateAndSetChildDomain (16ms)
		EndReloadAssembly (778ms)
			LoadAssemblies (80ms)
			RebuildTransferFunctionScriptingTraits (0ms)
			SetupTypeCache (259ms)
			ReleaseScriptCaches (0ms)
			RebuildScriptCaches (40ms)
			SetupLoadedEditorAssemblies (294ms)
				LogAssemblyErrors (0ms)
				InitializePlatformSupportModulesInManaged (3ms)
				SetLoadedEditorAssemblies (0ms)
				RefreshPlugins (39ms)
				BeforeProcessingInitializeOnLoad (60ms)
				ProcessInitializeOnLoadAttributes (172ms)
				ProcessInitializeOnLoadMethodAttributes (14ms)
				AfterProcessingInitializeOnLoad (6ms)
				EditorAssembliesLoaded (0ms)
			ExecutionOrderSort2 (0ms)
			AwakeInstancesAfterBackupRestoration (5ms)
Platform modules already initialized, skipping
========================================================================
Worker process is ready to serve import requests
Launched and connected shader compiler UnityShaderCompiler.exe after 0.09 seconds
Refreshing native plugins compatible for Editor in 0.44 ms, found 3 plugins.
Preloading 0 native plugins for Editor in 0.00 ms.
Unloading 2182 Unused Serialized files (Serialized files now loaded: 0)
System memory in use before: 95.7 MB.
System memory in use after: 95.8 MB.

Unloading 28 unused Assets to reduce memory usage. Loaded Objects now: 2617.
Total: 3.305000 ms (FindLiveObjects: 0.192400 ms CreateObjectMapping: 0.072800 ms MarkObjects: 2.978500 ms  DeleteObjects: 0.060600 ms)

AssetImportParameters requested are different than current active one (requested -> active):
  custom:framework-win-MediaFoundation: 216162199b28c13a410421893ffa2e32 -> 
  custom:video-decoder-ogg-theora: a1e56fd34408186e4bbccfd4996cb3dc -> 
  custom:container-muxer-webm: aa71ff27fc2769a1b78a27578f13a17b -> 
  custom:container-demuxer-webm: 4f35f7cbe854078d1ac9338744f61a02 -> 
  custom:container-demuxer-ogg: 62fdf1f143b41e24485cea50d1cbac27 -> 
  custom:video-encoder-webm-vp8: eb34c28f22e8b96e1ab97ce403110664 -> 
  custom:video-decoder-webm-vp8: 9c59270c3fd7afecdb556c50c9e8de78 -> 
  custom:audio-decoder-ogg-vorbis: bf7c407c2cedff20999df2af8eb42d56 -> 
  custom:audio-encoder-webm-vorbis: bf7c407c2cedff20999df2af8eb42d56 -> 
========================================================================
Received Import Request.
  path: Assets/03_0.png
  artifactKey: Guid(244f9dfdc7ef62b4ab0730163e770b32) Importer(815301076,1909f56bfc062723c751e8b465ee728b)
Start importing Assets/03_0.png using Guid(244f9dfdc7ef62b4ab0730163e770b32) Importer(815301076,1909f56bfc062723c751e8b465ee728b)  -> (artifact id: '52263837bc940e31e43a88764f25a4ae') in 0.132734 seconds 
  Import took 0.137581 seconds .

========================================================================
Received Import Request.
  Time since last request: 25.508892 seconds.
  path: Assets/03_0.png
  artifactKey: Guid(244f9dfdc7ef62b4ab0730163e770b32) Importer(815301076,1909f56bfc062723c751e8b465ee728b)
Start importing Assets/03_0.png using Guid(244f9dfdc7ef62b4ab0730163e770b32) Importer(815301076,1909f56bfc062723c751e8b465ee728b)  -> (artifact id: '0fd66f3f8a66c850b9c4a8f1f7ea0854') in 0.021008 seconds 
  Import took 0.025711 seconds .

========================================================================
Received Import Request.
  Time since last request: 21.528729 seconds.
  path: Assets/調色盤
  artifactKey: Guid(76e1012d05b08f444998f731420ec954) Importer(815301076,1909f56bfc062723c751e8b465ee728b)
Start importing Assets/調色盤 using Guid(76e1012d05b08f444998f731420ec954) Importer(815301076,1909f56bfc062723c751e8b465ee728b)  -> (artifact id: 'ff5b2fa85e64296ee6523581d7d5a09b') in 0.007583 seconds 
  Import took 0.011374 seconds .

========================================================================
Received Import Request.
  Time since last request: 67.994274 seconds.
  path: Assets/03_0.png
  artifactKey: Guid(244f9dfdc7ef62b4ab0730163e770b32) Importer(815301076,1909f56bfc062723c751e8b465ee728b)
Start importing Assets/03_0.png using Guid(244f9dfdc7ef62b4ab0730163e770b32) Importer(815301076,1909f56bfc062723c751e8b465ee728b)  -> (artifact id: 'cc8b018d284d98742dfcaae8dc5c073f') in 0.019781 seconds 
  Import took 0.023839 seconds .

========================================================================
Received Import Request.
  Time since last request: 51.166189 seconds.
  path: Assets/角色相關
  artifactKey: Guid(c611fb3a78bfd0543b425f5d71ecf7fa) Importer(815301076,1909f56bfc062723c751e8b465ee728b)
Start importing Assets/角色相關 using Guid(c611fb3a78bfd0543b425f5d71ecf7fa) Importer(815301076,1909f56bfc062723c751e8b465ee728b)  -> (artifact id: 'aaa24bab7f0f30ea64dc7bf31c4716a9') in 0.009643 seconds 
  Import took 0.015907 seconds .

========================================================================
Received Import Request.
  Time since last request: 23.761660 seconds.
  path: Assets/角色相關/03_0.png
  artifactKey: Guid(244f9dfdc7ef62b4ab0730163e770b32) Importer(815301076,1909f56bfc062723c751e8b465ee728b)
Start importing Assets/角色相關/03_0.png using Guid(244f9dfdc7ef62b4ab0730163e770b32) Importer(815301076,1909f56bfc062723c751e8b465ee728b)  -> (artifact id: '7a2e89d114adba2b10366b90d2d653f6') in 0.024349 seconds 
  Import took 0.029285 seconds .

========================================================================
Received Import Request.
  Time since last request: 5.230909 seconds.
  path: Assets/角色相關/03_0.png
  artifactKey: Guid(244f9dfdc7ef62b4ab0730163e770b32) Importer(815301076,1909f56bfc062723c751e8b465ee728b)
Start importing Assets/角色相關/03_0.png using Guid(244f9dfdc7ef62b4ab0730163e770b32) Importer(815301076,1909f56bfc062723c751e8b465ee728b)  -> (artifact id: '55a8dd002028685d3d1278d8e250603d') in 0.030264 seconds 
  Import took 0.034808 seconds .

========================================================================
Received Import Request.
  Time since last request: 4.461534 seconds.
  path: Assets/角色相關/03_0.png
  artifactKey: Guid(244f9dfdc7ef62b4ab0730163e770b32) Importer(815301076,1909f56bfc062723c751e8b465ee728b)
Start importing Assets/角色相關/03_0.png using Guid(244f9dfdc7ef62b4ab0730163e770b32) Importer(815301076,1909f56bfc062723c751e8b465ee728b)  -> (artifact id: '329106b00d5fbe2a7e5a812147b381e5') in 0.025708 seconds 
  Import took 0.029831 seconds .

========================================================================
Received Import Request.
  Time since last request: 35.985279 seconds.
  path: Assets/角色相關/03_0.png
  artifactKey: Guid(244f9dfdc7ef62b4ab0730163e770b32) Importer(815301076,1909f56bfc062723c751e8b465ee728b)
Start importing Assets/角色相關/03_0.png using Guid(244f9dfdc7ef62b4ab0730163e770b32) Importer(815301076,1909f56bfc062723c751e8b465ee728b)  -> (artifact id: 'b45107cb453b89661bd3ad5bd8eb539a') in 0.022464 seconds 
  Import took 0.027050 seconds .

========================================================================
Received Import Request.
  Time since last request: 47.410611 seconds.
  path: Assets/角色相關/04.png
  artifactKey: Guid(f94c28396ba2973409fb1273f9c44cab) Importer(815301076,1909f56bfc062723c751e8b465ee728b)
Start importing Assets/角色相關/04.png using Guid(f94c28396ba2973409fb1273f9c44cab) Importer(815301076,1909f56bfc062723c751e8b465ee728b)  -> (artifact id: 'a7bf8c51e2deefbee7b75aba65a0fab8') in 0.027589 seconds 
  Import took 0.032288 seconds .

========================================================================
Received Import Request.
  Time since last request: 7.943285 seconds.
  path: Assets/角色相關/05.png
  artifactKey: Guid(93b5da18d728852429bef6fb2ff248b2) Importer(815301076,1909f56bfc062723c751e8b465ee728b)
Start importing Assets/角色相關/05.png using Guid(93b5da18d728852429bef6fb2ff248b2) Importer(815301076,1909f56bfc062723c751e8b465ee728b)  -> (artifact id: '70627e430b7312fc04a8aa6ccc3b78bc') in 0.023353 seconds 
  Import took 0.027204 seconds .

========================================================================
Received Import Request.
  Time since last request: 63.953702 seconds.
  path: Assets/角色相關/04.png
  artifactKey: Guid(f94c28396ba2973409fb1273f9c44cab) Importer(815301076,1909f56bfc062723c751e8b465ee728b)
Start importing Assets/角色相關/04.png using Guid(f94c28396ba2973409fb1273f9c44cab) Importer(815301076,1909f56bfc062723c751e8b465ee728b)  -> (artifact id: '2a82d965a568d96d062020f5e5f7a012') in 0.016834 seconds 
  Import took 0.022205 seconds .

========================================================================
Received Import Request.
  Time since last request: 8.495393 seconds.
  path: Assets/角色相關/04.png
  artifactKey: Guid(f94c28396ba2973409fb1273f9c44cab) Importer(815301076,1909f56bfc062723c751e8b465ee728b)
Start importing Assets/角色相關/04.png using Guid(f94c28396ba2973409fb1273f9c44cab) Importer(815301076,1909f56bfc062723c751e8b465ee728b)  -> (artifact id: 'fb99430aa115f1c64cf1d879498aa958') in 0.029168 seconds 
  Import took 0.033678 seconds .

========================================================================
Received Import Request.
  Time since last request: 18.055240 seconds.
  path: Assets/角色相關/04.png
  artifactKey: Guid(f94c28396ba2973409fb1273f9c44cab) Importer(815301076,1909f56bfc062723c751e8b465ee728b)
Start importing Assets/角色相關/04.png using Guid(f94c28396ba2973409fb1273f9c44cab) Importer(815301076,1909f56bfc062723c751e8b465ee728b)  -> (artifact id: '4c53d210d363dea519193ee968ce4f4f') in 0.022614 seconds 
  Import took 0.030138 seconds .

========================================================================
Received Import Request.
  Time since last request: 4.467216 seconds.
  path: Assets/角色相關/05.png
  artifactKey: Guid(93b5da18d728852429bef6fb2ff248b2) Importer(815301076,1909f56bfc062723c751e8b465ee728b)
Start importing Assets/角色相關/05.png using Guid(93b5da18d728852429bef6fb2ff248b2) Importer(815301076,1909f56bfc062723c751e8b465ee728b)  -> (artifact id: 'c62d660161f76b762929cfb8fd161eeb') in 0.012588 seconds 
  Import took 0.019507 seconds .

========================================================================
Received Import Request.
  Time since last request: 4.271476 seconds.
  path: Assets/角色相關/05.png
  artifactKey: Guid(93b5da18d728852429bef6fb2ff248b2) Importer(815301076,1909f56bfc062723c751e8b465ee728b)
Start importing Assets/角色相關/05.png using Guid(93b5da18d728852429bef6fb2ff248b2) Importer(815301076,1909f56bfc062723c751e8b465ee728b)  -> (artifact id: 'f53721dc3771d952cf5df7eb2208b056') in 0.014869 seconds 
  Import took 0.019043 seconds .

========================================================================
Received Import Request.
  Time since last request: 5.011036 seconds.
  path: Assets/角色相關/05.png
  artifactKey: Guid(93b5da18d728852429bef6fb2ff248b2) Importer(815301076,1909f56bfc062723c751e8b465ee728b)
Start importing Assets/角色相關/05.png using Guid(93b5da18d728852429bef6fb2ff248b2) Importer(815301076,1909f56bfc062723c751e8b465ee728b)  -> (artifact id: 'e7b66df35952cbc7cf213eb7a8435894') in 0.034111 seconds 
  Import took 0.042145 seconds .

========================================================================
Received Import Request.
  Time since last request: 190.268174 seconds.
  path: Assets/角色相關/狸貓.controller
  artifactKey: Guid(931c609ee5d992b499de2ee7c5e513eb) Importer(815301076,1909f56bfc062723c751e8b465ee728b)
Start importing Assets/角色相關/狸貓.controller using Guid(931c609ee5d992b499de2ee7c5e513eb) Importer(815301076,1909f56bfc062723c751e8b465ee728b)  -> (artifact id: '70d25d3ce73992d9469fc03232efceee') in 0.013856 seconds 
  Import took 0.021795 seconds .

========================================================================
Received Import Request.
  Time since last request: 188.352850 seconds.
  path: Assets/角色相關/狸貓待機.anim
  artifactKey: Guid(49e7cd630a045134da2773a523801954) Importer(815301076,1909f56bfc062723c751e8b465ee728b)
Start importing Assets/角色相關/狸貓待機.anim using Guid(49e7cd630a045134da2773a523801954) Importer(815301076,1909f56bfc062723c751e8b465ee728b)  -> (artifact id: 'f315ba1576a84eafaa827c34636758e2') in 0.010682 seconds 
  Import took 0.015003 seconds .

========================================================================
Received Import Request.
  Time since last request: 120.151391 seconds.
  path: Assets/角色相關/跳躍.png
  artifactKey: Guid(f94c28396ba2973409fb1273f9c44cab) Importer(815301076,1909f56bfc062723c751e8b465ee728b)
Start importing Assets/角色相關/跳躍.png using Guid(f94c28396ba2973409fb1273f9c44cab) Importer(815301076,1909f56bfc062723c751e8b465ee728b)  -> (artifact id: '0386768576728cd5dfbf8bd56dd9e21c') in 0.025598 seconds 
  Import took 0.032479 seconds .

========================================================================
Received Import Request.
  Time since last request: 10.784423 seconds.
  path: Assets/角色相關/落下.png
  artifactKey: Guid(93b5da18d728852429bef6fb2ff248b2) Importer(815301076,1909f56bfc062723c751e8b465ee728b)
Start importing Assets/角色相關/落下.png using Guid(93b5da18d728852429bef6fb2ff248b2) Importer(815301076,1909f56bfc062723c751e8b465ee728b)  -> (artifact id: 'fdae15da8a000f8c5188f159795ae066') in 0.027892 seconds 
  Import took 0.031981 seconds .

========================================================================
Received Import Request.
  Time since last request: 8.884380 seconds.
  path: Assets/角色相關/待機.png
  artifactKey: Guid(244f9dfdc7ef62b4ab0730163e770b32) Importer(815301076,1909f56bfc062723c751e8b465ee728b)
Start importing Assets/角色相關/待機.png using Guid(244f9dfdc7ef62b4ab0730163e770b32) Importer(815301076,1909f56bfc062723c751e8b465ee728b)  -> (artifact id: 'ec8edffa661decee87eed86af7df8caf') in 0.024131 seconds 
  Import took 0.031587 seconds .

========================================================================
Received Import Request.
  Time since last request: 71.576246 seconds.
  path: Assets/角色相關/03_0_0.controller
  artifactKey: Guid(708469f6173e08641929a2320e5f6bed) Importer(815301076,1909f56bfc062723c751e8b465ee728b)
Start importing Assets/角色相關/03_0_0.controller using Guid(708469f6173e08641929a2320e5f6bed) Importer(815301076,1909f56bfc062723c751e8b465ee728b)  -> (artifact id: '5ee5de049dd1d73f4bcd367a5cadfdf5') in 0.008480 seconds 
  Import took 0.014278 seconds .

========================================================================
Received Prepare
Registering precompiled user dll's ...
Registered in 0.010068 seconds.
Begin MonoManager ReloadAssembly
Native extension for WindowsStandalone target not found
Refreshing native plugins compatible for Editor in 0.48 ms, found 3 plugins.
Preloading 0 native plugins for Editor in 0.00 ms.
Mono: successfully reloaded assembly
- Completed reload, in  1.017 seconds
Domain Reload Profiling:
	ReloadAssembly (1019ms)
		BeginReloadAssembly (190ms)
			ExecutionOrderSort (0ms)
			DisableScriptedObjects (16ms)
			BackupInstance (0ms)
			ReleaseScriptingObjects (0ms)
			CreateAndSetChildDomain (77ms)
		EndReloadAssembly (772ms)
			LoadAssemblies (91ms)
			RebuildTransferFunctionScriptingTraits (0ms)
			SetupTypeCache (271ms)
			ReleaseScriptCaches (1ms)
			RebuildScriptCaches (39ms)
			SetupLoadedEditorAssemblies (258ms)
				LogAssemblyErrors (0ms)
				InitializePlatformSupportModulesInManaged (6ms)
				SetLoadedEditorAssemblies (1ms)
				RefreshPlugins (1ms)
				BeforeProcessingInitializeOnLoad (57ms)
				ProcessInitializeOnLoadAttributes (178ms)
				ProcessInitializeOnLoadMethodAttributes (10ms)
				AfterProcessingInitializeOnLoad (6ms)
				EditorAssembliesLoaded (0ms)
			ExecutionOrderSort2 (0ms)
			AwakeInstancesAfterBackupRestoration (8ms)
Platform modules already initialized, skipping
Refreshing native plugins compatible for Editor in 0.47 ms, found 3 plugins.
Preloading 0 native plugins for Editor in 0.00 ms.
Unloading 2173 Unused Serialized files (Serialized files now loaded: 0)
System memory in use before: 98.1 MB.
System memory in use after: 98.2 MB.

Unloading 17 unused Assets to reduce memory usage. Loaded Objects now: 2633.
Total: 3.386000 ms (FindLiveObjects: 0.178300 ms CreateObjectMapping: 0.074800 ms MarkObjects: 3.103800 ms  DeleteObjects: 0.028300 ms)

AssetImportParameters requested are different than current active one (requested -> active):
  custom:framework-win-MediaFoundation: 216162199b28c13a410421893ffa2e32 -> 
  custom:video-decoder-ogg-theora: a1e56fd34408186e4bbccfd4996cb3dc -> 
  custom:container-muxer-webm: aa71ff27fc2769a1b78a27578f13a17b -> 
  custom:container-demuxer-webm: 4f35f7cbe854078d1ac9338744f61a02 -> 
  custom:container-demuxer-ogg: 62fdf1f143b41e24485cea50d1cbac27 -> 
  custom:video-encoder-webm-vp8: eb34c28f22e8b96e1ab97ce403110664 -> 
  custom:video-decoder-webm-vp8: 9c59270c3fd7afecdb556c50c9e8de78 -> 
  custom:audio-decoder-ogg-vorbis: bf7c407c2cedff20999df2af8eb42d56 -> 
  custom:audio-encoder-webm-vorbis: bf7c407c2cedff20999df2af8eb42d56 -> 
========================================================================
Received Import Request.
  Time since last request: 970.676215 seconds.
  path: Assets/Bolt 2D JellyFarm VE2/App Icon.png
  artifactKey: Guid(2d5a187c329e5f840b248842b9743eb7) Importer(815301076,1909f56bfc062723c751e8b465ee728b)
Start importing Assets/Bolt 2D JellyFarm VE2/App Icon.png using Guid(2d5a187c329e5f840b248842b9743eb7) Importer(815301076,1909f56bfc062723c751e8b465ee728b)  -> (artifact id: '90974472af978022cdfe521b8c7712b4') in 0.058965 seconds 
  Import took 0.063300 seconds .

========================================================================
Received Import Request.
  Time since last request: 0.000339 seconds.
  path: Assets/Bolt 2D JellyFarm VE2/Readme.asset
  artifactKey: Guid(fb5a1caba0624ad4b88a57dcc2c48c11) Importer(815301076,1909f56bfc062723c751e8b465ee728b)
Start importing Assets/Bolt 2D JellyFarm VE2/Readme.asset using Guid(fb5a1caba0624ad4b88a57dcc2c48c11) Importer(815301076,1909f56bfc062723c751e8b465ee728b)  -> (artifact id: '153df78a0f1856239b03b0edb50203be') in 0.013008 seconds 
  Import took 0.017744 seconds .

========================================================================
Received Import Request.
  Time since last request: 2.544702 seconds.
  path: Assets/Bolt 2D JellyFarm VE2/Animations
  artifactKey: Guid(ecb29f6b340844b4b801257686a66cb0) Importer(815301076,1909f56bfc062723c751e8b465ee728b)
Start importing Assets/Bolt 2D JellyFarm VE2/Animations using Guid(ecb29f6b340844b4b801257686a66cb0) Importer(815301076,1909f56bfc062723c751e8b465ee728b)  -> (artifact id: 'e43545f38bc8703f228b52dce5f1c1d8') in 0.007804 seconds 
  Import took 0.012254 seconds .

========================================================================
Received Import Request.
  Time since last request: 3.565111 seconds.
  path: Assets/Bolt 2D JellyFarm VE2/Audio/Buy.wav
  artifactKey: Guid(d419044f4528c924c8246806ad0bfb4b) Importer(815301076,1909f56bfc062723c751e8b465ee728b)
Start importing Assets/Bolt 2D JellyFarm VE2/Audio/Buy.wav using Guid(d419044f4528c924c8246806ad0bfb4b) Importer(815301076,1909f56bfc062723c751e8b465ee728b)  -> (artifact id: '3b00f947ca260f11ecc88d0bfeef1a74') in 0.038823 seconds 
  Import took 0.042763 seconds .

========================================================================
Received Import Request.
  Time since last request: 0.000294 seconds.
  path: Assets/Bolt 2D JellyFarm VE2/Audio/Sell.wav
  artifactKey: Guid(1117d5f41aab9fd4bb7edf12579a2fa9) Importer(815301076,1909f56bfc062723c751e8b465ee728b)
Start importing Assets/Bolt 2D JellyFarm VE2/Audio/Sell.wav using Guid(1117d5f41aab9fd4bb7edf12579a2fa9) Importer(815301076,1909f56bfc062723c751e8b465ee728b)  -> (artifact id: '664358805241eeb124e4f4ab7402393a') in 0.018228 seconds 
  Import took 0.022633 seconds .

========================================================================
Received Import Request.
  Time since last request: 0.000267 seconds.
  path: Assets/Bolt 2D JellyFarm VE2/Audio/Clear.wav
  artifactKey: Guid(3b7cea2252b4b6b45bab4864f9faeef8) Importer(815301076,1909f56bfc062723c751e8b465ee728b)
Start importing Assets/Bolt 2D JellyFarm VE2/Audio/Clear.wav using Guid(3b7cea2252b4b6b45bab4864f9faeef8) Importer(815301076,1909f56bfc062723c751e8b465ee728b)  -> (artifact id: 'd12e23936d9236fc5a99a47abfa931bd') in 0.017780 seconds 
  Import took 0.022592 seconds .

========================================================================
Received Import Request.
  Time since last request: 0.000454 seconds.
  path: Assets/Bolt 2D JellyFarm VE2/Audio/Pause Out.wav
  artifactKey: Guid(2fc58d986242aa845b0c76cfcba21fcc) Importer(815301076,1909f56bfc062723c751e8b465ee728b)
Start importing Assets/Bolt 2D JellyFarm VE2/Audio/Pause Out.wav using Guid(2fc58d986242aa845b0c76cfcba21fcc) Importer(815301076,1909f56bfc062723c751e8b465ee728b)  -> (artifact id: 'ae572d1a9179410b77b02e6f74b7e459') in 0.022685 seconds 
  Import took 0.027570 seconds .

========================================================================
Received Import Request.
  Time since last request: 0.000283 seconds.
  path: Assets/Bolt 2D JellyFarm VE2/Audio/Grow.wav
  artifactKey: Guid(228a414c02aae104093ef692ae2bae7d) Importer(815301076,1909f56bfc062723c751e8b465ee728b)
Start importing Assets/Bolt 2D JellyFarm VE2/Audio/Grow.wav using Guid(228a414c02aae104093ef692ae2bae7d) Importer(815301076,1909f56bfc062723c751e8b465ee728b)  -> (artifact id: 'ea3d89b32bb098af7059ec90cd367094') in 0.021910 seconds 
  Import took 0.025585 seconds .

========================================================================
Received Import Request.
  Time since last request: 0.000284 seconds.
  path: Assets/Bolt 2D JellyFarm VE2/Audio/Unlock.wav
  artifactKey: Guid(dc19f642807b5bc4faef18b20134d696) Importer(815301076,1909f56bfc062723c751e8b465ee728b)
Start importing Assets/Bolt 2D JellyFarm VE2/Audio/Unlock.wav using Guid(dc19f642807b5bc4faef18b20134d696) Importer(815301076,1909f56bfc062723c751e8b465ee728b)  -> (artifact id: '29d272f6eaed6d82a7f84abd267e7086') in 0.014984 seconds 
  Import took 0.019184 seconds .

========================================================================
Received Import Request.
  Time since last request: 0.000314 seconds.
  path: Assets/Bolt 2D JellyFarm VE2/Audio/Pause In.wav
  artifactKey: Guid(d46fc59147b0a984db39e2091afb865b) Importer(815301076,1909f56bfc062723c751e8b465ee728b)
Start importing Assets/Bolt 2D JellyFarm VE2/Audio/Pause In.wav using Guid(d46fc59147b0a984db39e2091afb865b) Importer(815301076,1909f56bfc062723c751e8b465ee728b)  -> (artifact id: '2a76074132612c2717f314bed38369c5') in 0.019069 seconds 
  Import took 0.022865 seconds .

========================================================================
Received Import Request.
  Time since last request: 0.000242 seconds.
  path: Assets/Bolt 2D JellyFarm VE2/Audio/Touch.wav
  artifactKey: Guid(b2339d42d71ef8646b214a6c12e95d54) Importer(815301076,1909f56bfc062723c751e8b465ee728b)
Start importing Assets/Bolt 2D JellyFarm VE2/Audio/Touch.wav using Guid(b2339d42d71ef8646b214a6c12e95d54) Importer(815301076,1909f56bfc062723c751e8b465ee728b)  -> (artifact id: '45d6f270d53772aafb6b38172615a10a') in 0.023406 seconds 
  Import took 0.026897 seconds .

========================================================================
Received Import Request.
  Time since last request: 0.000271 seconds.
  path: Assets/Bolt 2D JellyFarm VE2/Audio/Fail.wav
  artifactKey: Guid(2d77a98d162c5ab45b0b5a457ec644fe) Importer(815301076,1909f56bfc062723c751e8b465ee728b)
Start importing Assets/Bolt 2D JellyFarm VE2/Audio/Fail.wav using Guid(2d77a98d162c5ab45b0b5a457ec644fe) Importer(815301076,1909f56bfc062723c751e8b465ee728b)  -> (artifact id: '51adde5ca7762e51faf359a152dce604') in 0.015741 seconds 
  Import took 0.019965 seconds .

========================================================================
Received Import Request.
  Time since last request: 0.963995 seconds.
  path: Assets/Bolt 2D JellyFarm VE2/Audio/BGM.wav
  artifactKey: Guid(fbd50b6f750f01a42a40ead806f44a8e) Importer(815301076,1909f56bfc062723c751e8b465ee728b)
Start importing Assets/Bolt 2D JellyFarm VE2/Audio/BGM.wav using Guid(fbd50b6f750f01a42a40ead806f44a8e) Importer(815301076,1909f56bfc062723c751e8b465ee728b)  -> (artifact id: 'ad74fec9a2448eb2e1acf52d2d66213a') in 0.019453 seconds 
  Import took 0.025343 seconds .

========================================================================
Received Import Request.
  Time since last request: 0.000668 seconds.
  path: Assets/Bolt 2D JellyFarm VE2/Audio/Button.wav
  artifactKey: Guid(768876ef01ca30043a665d0f8f9a5a29) Importer(815301076,1909f56bfc062723c751e8b465ee728b)
Start importing Assets/Bolt 2D JellyFarm VE2/Audio/Button.wav using Guid(768876ef01ca30043a665d0f8f9a5a29) Importer(815301076,1909f56bfc062723c751e8b465ee728b)  -> (artifact id: 'fec669ac279c65bda72dd428ad467291') in 0.018722 seconds 
  Import took 0.023868 seconds .

========================================================================
Received Import Request.
  Time since last request: 1.800332 seconds.
  path: Assets/Bolt 2D JellyFarm VE2/Fonts/DoHyeon-Regular.ttf
  artifactKey: Guid(2d040b1040b12644dbfd6de09f5b5408) Importer(815301076,1909f56bfc062723c751e8b465ee728b)
Start importing Assets/Bolt 2D JellyFarm VE2/Fonts/DoHyeon-Regular.ttf using Guid(2d040b1040b12644dbfd6de09f5b5408) Importer(815301076,1909f56bfc062723c751e8b465ee728b)  -> (artifact id: '3a04314dcf3f5160ceef36369e5a5e5e') in 0.063175 seconds 
  Import took 0.067608 seconds .

========================================================================
Received Import Request.
  Time since last request: 0.508195 seconds.
  path: Assets/Bolt 2D JellyFarm VE2/Particles/Shin Dust.prefab
  artifactKey: Guid(31c8c27dfb42da54e9548d06b9d705f3) Importer(815301076,1909f56bfc062723c751e8b465ee728b)
Start importing Assets/Bolt 2D JellyFarm VE2/Particles/Shin Dust.prefab using Guid(31c8c27dfb42da54e9548d06b9d705f3) Importer(815301076,1909f56bfc062723c751e8b465ee728b)  -> (artifact id: '25ae5c74b1e6648ac281500cd8b57cc5') in 0.093822 seconds 
  Import took 0.097979 seconds .

========================================================================
Received Import Request.
  Time since last request: 1.686249 seconds.
  path: Assets/Bolt 2D JellyFarm VE2/ReadMe/Icon.png
  artifactKey: Guid(6b65cc6246bbfcf4fa5162a5baf45f25) Importer(815301076,1909f56bfc062723c751e8b465ee728b)
Start importing Assets/Bolt 2D JellyFarm VE2/ReadMe/Icon.png using Guid(6b65cc6246bbfcf4fa5162a5baf45f25) Importer(815301076,1909f56bfc062723c751e8b465ee728b)  -> (artifact id: '14ce46db61ad09bd8c714a4d6aa32a56') in 0.012506 seconds 
  Import took 0.016481 seconds .

========================================================================
Received Import Request.
  Time since last request: 1.405938 seconds.
  path: Assets/Bolt 2D JellyFarm VE2/ReadMe/Scripts
  artifactKey: Guid(f5e91e2a890af8341a69b5cfabe0ea19) Importer(815301076,1909f56bfc062723c751e8b465ee728b)
Start importing Assets/Bolt 2D JellyFarm VE2/ReadMe/Scripts using Guid(f5e91e2a890af8341a69b5cfabe0ea19) Importer(815301076,1909f56bfc062723c751e8b465ee728b)  -> (artifact id: '91c311c93f87e5ad152579d838d83bd0') in 0.011163 seconds 
  Import took 0.016185 seconds .

========================================================================
Received Import Request.
  Time since last request: 1.107795 seconds.
  path: Assets/Bolt 2D JellyFarm VE2/ReadMe/Scripts/Editor
  artifactKey: Guid(d4526710b5d19ac44a6dcff085778402) Importer(815301076,1909f56bfc062723c751e8b465ee728b)
Start importing Assets/Bolt 2D JellyFarm VE2/ReadMe/Scripts/Editor using Guid(d4526710b5d19ac44a6dcff085778402) Importer(815301076,1909f56bfc062723c751e8b465ee728b)  -> (artifact id: 'a4e8ac732d4869d0ae11b2083f79ae11') in 0.008234 seconds 
  Import took 0.013360 seconds .

========================================================================
Received Import Request.
  Time since last request: 3.680081 seconds.
  path: Assets/Bolt 2D JellyFarm VE2/Sprites/InGame/Cloud A.png
  artifactKey: Guid(d9ee53f3733530547a8518461bfcad64) Importer(815301076,1909f56bfc062723c751e8b465ee728b)
Start importing Assets/Bolt 2D JellyFarm VE2/Sprites/InGame/Cloud A.png using Guid(d9ee53f3733530547a8518461bfcad64) Importer(815301076,1909f56bfc062723c751e8b465ee728b)  -> (artifact id: '71c010b6996e41fbb15cd29c472f17f4') in 0.018653 seconds 
  Import took 0.023564 seconds .

========================================================================
Received Import Request.
  Time since last request: 0.000306 seconds.
  path: Assets/Bolt 2D JellyFarm VE2/Sprites/InGame/Jelly 9.png
  artifactKey: Guid(d78e009f5bb799b42bbf3c801af824ac) Importer(815301076,1909f56bfc062723c751e8b465ee728b)
Start importing Assets/Bolt 2D JellyFarm VE2/Sprites/InGame/Jelly 9.png using Guid(d78e009f5bb799b42bbf3c801af824ac) Importer(815301076,1909f56bfc062723c751e8b465ee728b)  -> (artifact id: '5bbd9a818ee80aecbe3ff90d90fd49ca') in 0.017729 seconds 
  Import took 0.022781 seconds .

========================================================================
Received Import Request.
  Time since last request: 0.000310 seconds.
  path: Assets/Bolt 2D JellyFarm VE2/Sprites/InGame/Sky.png
  artifactKey: Guid(35516b8eb72b7f94ca71644372720eab) Importer(815301076,1909f56bfc062723c751e8b465ee728b)
Start importing Assets/Bolt 2D JellyFarm VE2/Sprites/InGame/Sky.png using Guid(35516b8eb72b7f94ca71644372720eab) Importer(815301076,1909f56bfc062723c751e8b465ee728b)  -> (artifact id: '75303bf2694361e6bf57939b4ec2c9e6') in 0.022759 seconds 
  Import took 0.028902 seconds .

========================================================================
Received Import Request.
  Time since last request: 0.000284 seconds.
  path: Assets/Bolt 2D JellyFarm VE2/Sprites/InGame/Jelly 11.png
  artifactKey: Guid(764f930ba03e6324d805335eb66b8c98) Importer(815301076,1909f56bfc062723c751e8b465ee728b)
Start importing Assets/Bolt 2D JellyFarm VE2/Sprites/InGame/Jelly 11.png using Guid(764f930ba03e6324d805335eb66b8c98) Importer(815301076,1909f56bfc062723c751e8b465ee728b)  -> (artifact id: '672f8a8632a32ce014545ce4aad219ee') in 0.016367 seconds 
  Import took 0.020095 seconds .

========================================================================
Received Import Request.
  Time since last request: 0.000264 seconds.
  path: Assets/Bolt 2D JellyFarm VE2/Sprites/InGame/Jelly 5.png
  artifactKey: Guid(b8fd21ad16123364aaee0da8f1b3746b) Importer(815301076,1909f56bfc062723c751e8b465ee728b)
Start importing Assets/Bolt 2D JellyFarm VE2/Sprites/InGame/Jelly 5.png using Guid(b8fd21ad16123364aaee0da8f1b3746b) Importer(815301076,1909f56bfc062723c751e8b465ee728b)  -> (artifact id: 'a1a49162848e0c35ba76c00260763fb2') in 0.016392 seconds 
  Import took 0.021907 seconds .

========================================================================
Received Import Request.
  Time since last request: 0.000434 seconds.
  path: Assets/Bolt 2D JellyFarm VE2/Sprites/InGame/Shadow.png
  artifactKey: Guid(897c542affa1c624da03b90c105313d5) Importer(815301076,1909f56bfc062723c751e8b465ee728b)
Start importing Assets/Bolt 2D JellyFarm VE2/Sprites/InGame/Shadow.png using Guid(897c542affa1c624da03b90c105313d5) Importer(815301076,1909f56bfc062723c751e8b465ee728b)  -> (artifact id: 'b70ac4d8387c58a7da54ded2c55ab524') in 0.019759 seconds 
  Import took 0.023240 seconds .

========================================================================
Received Import Request.
  Time since last request: 0.000276 seconds.
  path: Assets/Bolt 2D JellyFarm VE2/Sprites/InGame/Jelly 2.png
  artifactKey: Guid(590b73e132435194da7d40dc8a3816f0) Importer(815301076,1909f56bfc062723c751e8b465ee728b)
Start importing Assets/Bolt 2D JellyFarm VE2/Sprites/InGame/Jelly 2.png using Guid(590b73e132435194da7d40dc8a3816f0) Importer(815301076,1909f56bfc062723c751e8b465ee728b)  -> (artifact id: '130b29a6e5d35a2dadab59477ac4c0bb') in 0.015749 seconds 
  Import took 0.019397 seconds .

========================================================================
Received Import Request.
  Time since last request: 0.000252 seconds.
  path: Assets/Bolt 2D JellyFarm VE2/Sprites/InGame/Jelly 7.png
  artifactKey: Guid(6de610ccbbc0a094b804153e2dea43a6) Importer(815301076,1909f56bfc062723c751e8b465ee728b)
Start importing Assets/Bolt 2D JellyFarm VE2/Sprites/InGame/Jelly 7.png using Guid(6de610ccbbc0a094b804153e2dea43a6) Importer(815301076,1909f56bfc062723c751e8b465ee728b)  -> (artifact id: 'bb2dfdbf131395ed42b695afae1258c2') in 0.016734 seconds 
  Import took 0.022453 seconds .

========================================================================
Received Import Request.
  Time since last request: 0.000277 seconds.
  path: Assets/Bolt 2D JellyFarm VE2/Sprites/InGame/Jelly 3.png
  artifactKey: Guid(ce60f325abe16e1408f2d226e825c21a) Importer(815301076,1909f56bfc062723c751e8b465ee728b)
Start importing Assets/Bolt 2D JellyFarm VE2/Sprites/InGame/Jelly 3.png using Guid(ce60f325abe16e1408f2d226e825c21a) Importer(815301076,1909f56bfc062723c751e8b465ee728b)  -> (artifact id: '53357af4c66c244047321cbd436cd136') in 0.017720 seconds 
  Import took 0.021222 seconds .

========================================================================
Received Import Request.
  Time since last request: 0.000228 seconds.
  path: Assets/Bolt 2D JellyFarm VE2/Sprites/InGame/Jelly 8.png
  artifactKey: Guid(96481b76a6fa9c6428e4e4b1522e9378) Importer(815301076,1909f56bfc062723c751e8b465ee728b)
Start importing Assets/Bolt 2D JellyFarm VE2/Sprites/InGame/Jelly 8.png using Guid(96481b76a6fa9c6428e4e4b1522e9378) Importer(815301076,1909f56bfc062723c751e8b465ee728b)  -> (artifact id: '574c676354fccbbab564addc86cdd049') in 0.019046 seconds 
  Import took 0.022482 seconds .

========================================================================
Received Import Request.
  Time since last request: 0.000257 seconds.
  path: Assets/Bolt 2D JellyFarm VE2/Sprites/InGame/Jelly 4.png
  artifactKey: Guid(230db3240b492574094d76e3dbd404a1) Importer(815301076,1909f56bfc062723c751e8b465ee728b)
Start importing Assets/Bolt 2D JellyFarm VE2/Sprites/InGame/Jelly 4.png using Guid(230db3240b492574094d76e3dbd404a1) Importer(815301076,1909f56bfc062723c751e8b465ee728b)  -> (artifact id: 'c0489432778c190b68dad0a132b39d3a') in 0.019629 seconds 
  Import took 0.025841 seconds .

========================================================================
Received Import Request.
  Time since last request: 0.000300 seconds.
  path: Assets/Bolt 2D JellyFarm VE2/Sprites/InGame/Cloud B.png
  artifactKey: Guid(644da3f43c8271947b34e66cb8e8f116) Importer(815301076,1909f56bfc062723c751e8b465ee728b)
Start importing Assets/Bolt 2D JellyFarm VE2/Sprites/InGame/Cloud B.png using Guid(644da3f43c8271947b34e66cb8e8f116) Importer(815301076,1909f56bfc062723c751e8b465ee728b)  -> (artifact id: '02a12e9370ee88b8f1446953c65859fb') in 0.017926 seconds 
  Import took 0.022067 seconds .

========================================================================
Received Import Request.
  Time since last request: 0.000231 seconds.
  path: Assets/Bolt 2D JellyFarm VE2/Sprites/InGame/Jelly 6.png
  artifactKey: Guid(2d5d6782fc427ad498ff00ded71060f4) Importer(815301076,1909f56bfc062723c751e8b465ee728b)
Start importing Assets/Bolt 2D JellyFarm VE2/Sprites/InGame/Jelly 6.png using Guid(2d5d6782fc427ad498ff00ded71060f4) Importer(815301076,1909f56bfc062723c751e8b465ee728b)  -> (artifact id: '8ca34455aa6582c5a5001fdde464d9ae') in 0.017071 seconds 
  Import took 0.021349 seconds .

========================================================================
Received Import Request.
  Time since last request: 0.000296 seconds.
  path: Assets/Bolt 2D JellyFarm VE2/Sprites/InGame/Jelly 1.png
  artifactKey: Guid(932ce8ce7b8fd8e4d9fb9bce6a7e0b7d) Importer(815301076,1909f56bfc062723c751e8b465ee728b)
Start importing Assets/Bolt 2D JellyFarm VE2/Sprites/InGame/Jelly 1.png using Guid(932ce8ce7b8fd8e4d9fb9bce6a7e0b7d) Importer(815301076,1909f56bfc062723c751e8b465ee728b)  -> (artifact id: '71473576f8500b04df4f13750a4737aa') in 0.016662 seconds 
  Import took 0.020260 seconds .

========================================================================
Received Import Request.
  Time since last request: 0.000339 seconds.
  path: Assets/Bolt 2D JellyFarm VE2/Sprites/InGame/Jelly 0.png
  artifactKey: Guid(f4ba7a5e8b25ae241a6c94d4d6df858d) Importer(815301076,1909f56bfc062723c751e8b465ee728b)
Start importing Assets/Bolt 2D JellyFarm VE2/Sprites/InGame/Jelly 0.png using Guid(f4ba7a5e8b25ae241a6c94d4d6df858d) Importer(815301076,1909f56bfc062723c751e8b465ee728b)  -> (artifact id: 'c54d1f575c65e4e34fd92cda8bf3607b') in 0.018639 seconds 
  Import took 0.022694 seconds .

========================================================================
Received Import Request.
  Time since last request: 0.000231 seconds.
  path: Assets/Bolt 2D JellyFarm VE2/Sprites/InGame/Shin.png
  artifactKey: Guid(fe9a600e845b29d448bd73c0c4df6349) Importer(815301076,1909f56bfc062723c751e8b465ee728b)
Start importing Assets/Bolt 2D JellyFarm VE2/Sprites/InGame/Shin.png using Guid(fe9a600e845b29d448bd73c0c4df6349) Importer(815301076,1909f56bfc062723c751e8b465ee728b)  -> (artifact id: 'ec4e6eb7010281efd9faf6a00bbe69c1') in 0.017320 seconds 
  Import took 0.021004 seconds .

========================================================================
Received Import Request.
  Time since last request: 0.000624 seconds.
  path: Assets/Bolt 2D JellyFarm VE2/Sprites/InGame/Jelly 10.png
  artifactKey: Guid(7fd151f4d9de8de47a1d5abe6e506e83) Importer(815301076,1909f56bfc062723c751e8b465ee728b)
Start importing Assets/Bolt 2D JellyFarm VE2/Sprites/InGame/Jelly 10.png using Guid(7fd151f4d9de8de47a1d5abe6e506e83) Importer(815301076,1909f56bfc062723c751e8b465ee728b)  -> (artifact id: '438c6c588afba9bd4c599864a3f9b7e4') in 0.018110 seconds 
  Import took 0.022271 seconds .

========================================================================
Received Import Request.
  Time since last request: 0.000247 seconds.
  path: Assets/Bolt 2D JellyFarm VE2/Sprites/InGame/Room.png
  artifactKey: Guid(b2674c202add550489538c0eda41af9b) Importer(815301076,1909f56bfc062723c751e8b465ee728b)
Start importing Assets/Bolt 2D JellyFarm VE2/Sprites/InGame/Room.png using Guid(b2674c202add550489538c0eda41af9b) Importer(815301076,1909f56bfc062723c751e8b465ee728b)  -> (artifact id: 'ccfa8888e933e3274823729ec61c4248') in 0.016903 seconds 
  Import took 0.020445 seconds .

========================================================================
Received Import Request.
  Time since last request: 10.246123 seconds.
  path: Assets/Bolt 2D JellyFarm VE2/Sprites/UI/Icon 0.png
  artifactKey: Guid(feabaf7052f4d8e4daf77e40668bc2b6) Importer(815301076,1909f56bfc062723c751e8b465ee728b)
Start importing Assets/Bolt 2D JellyFarm VE2/Sprites/UI/Icon 0.png using Guid(feabaf7052f4d8e4daf77e40668bc2b6) Importer(815301076,1909f56bfc062723c751e8b465ee728b)  -> (artifact id: 'df7e7eb6e8e17474c450c2fdd087bf89') in 0.013420 seconds 
  Import took 0.017716 seconds .

========================================================================
Received Import Request.
  Time since last request: 0.000294 seconds.
  path: Assets/Bolt 2D JellyFarm VE2/Sprites/UI/Icon 5 Over.png
  artifactKey: Guid(22fafc3e4b16258438fb4240603b1949) Importer(815301076,1909f56bfc062723c751e8b465ee728b)
Start importing Assets/Bolt 2D JellyFarm VE2/Sprites/UI/Icon 5 Over.png using Guid(22fafc3e4b16258438fb4240603b1949) Importer(815301076,1909f56bfc062723c751e8b465ee728b)  -> (artifact id: '0d245bf95a684a0fd00c1786b82c4485') in 0.019489 seconds 
  Import took 0.023749 seconds .

========================================================================
Received Import Request.
  Time since last request: 0.000274 seconds.
  path: Assets/Bolt 2D JellyFarm VE2/Sprites/UI/Panel Left.png
  artifactKey: Guid(11b75f9856d512244900631455ab3c8d) Importer(815301076,1909f56bfc062723c751e8b465ee728b)
Start importing Assets/Bolt 2D JellyFarm VE2/Sprites/UI/Panel Left.png using Guid(11b75f9856d512244900631455ab3c8d) Importer(815301076,1909f56bfc062723c751e8b465ee728b)  -> (artifact id: '98d0b5875956d5ecea459874876622ba') in 0.020312 seconds 
  Import took 0.024026 seconds .

========================================================================
Received Import Request.
  Time since last request: 0.000278 seconds.
  path: Assets/Bolt 2D JellyFarm VE2/Sprites/UI/Icon 3 Over.png
  artifactKey: Guid(0cc98cf945627544e8761d70cbbbb24a) Importer(815301076,1909f56bfc062723c751e8b465ee728b)
Start importing Assets/Bolt 2D JellyFarm VE2/Sprites/UI/Icon 3 Over.png using Guid(0cc98cf945627544e8761d70cbbbb24a) Importer(815301076,1909f56bfc062723c751e8b465ee728b)  -> (artifact id: 'bc28c2093ce919d058de60bab43ffc82') in 0.019449 seconds 
  Import took 0.023797 seconds .

========================================================================
Received Import Request.
  Time since last request: 0.000264 seconds.
  path: Assets/Bolt 2D JellyFarm VE2/Sprites/UI/Icon 4 Over.png
  artifactKey: Guid(86f68579e1c470645a783c40f4271052) Importer(815301076,1909f56bfc062723c751e8b465ee728b)
Start importing Assets/Bolt 2D JellyFarm VE2/Sprites/UI/Icon 4 Over.png using Guid(86f68579e1c470645a783c40f4271052) Importer(815301076,1909f56bfc062723c751e8b465ee728b)  -> (artifact id: '6cc3d164f98534a743853a29c4448460') in 0.020931 seconds 
  Import took 0.024589 seconds .

========================================================================
Received Import Request.
  Time since last request: 0.000254 seconds.
  path: Assets/Bolt 2D JellyFarm VE2/Sprites/UI/Icon 3.png
  artifactKey: Guid(1edfcc716ab5b4940a23aa75e0352142) Importer(815301076,1909f56bfc062723c751e8b465ee728b)
Start importing Assets/Bolt 2D JellyFarm VE2/Sprites/UI/Icon 3.png using Guid(1edfcc716ab5b4940a23aa75e0352142) Importer(815301076,1909f56bfc062723c751e8b465ee728b)  -> (artifact id: 'f9c1140fe812820e63b58a6377f4e0e2') in 0.020609 seconds 
  Import took 0.024002 seconds .

========================================================================
Received Import Request.
  Time since last request: 0.000224 seconds.
  path: Assets/Bolt 2D JellyFarm VE2/Sprites/UI/Panel Under.png
  artifactKey: Guid(8e85598c65aa8204f98aac13d6aedf6f) Importer(815301076,1909f56bfc062723c751e8b465ee728b)
Start importing Assets/Bolt 2D JellyFarm VE2/Sprites/UI/Panel Under.png using Guid(8e85598c65aa8204f98aac13d6aedf6f) Importer(815301076,1909f56bfc062723c751e8b465ee728b)  -> (artifact id: '5f1226b20cdcdbb641e3bca62f7da395') in 0.018976 seconds 
  Import took 0.022267 seconds .

========================================================================
Received Import Request.
  Time since last request: 0.000273 seconds.
  path: Assets/Bolt 2D JellyFarm VE2/Sprites/UI/Icon 7.png
  artifactKey: Guid(7d1b8c1a026022641af7b846a3d34c63) Importer(815301076,1909f56bfc062723c751e8b465ee728b)
Start importing Assets/Bolt 2D JellyFarm VE2/Sprites/UI/Icon 7.png using Guid(7d1b8c1a026022641af7b846a3d34c63) Importer(815301076,1909f56bfc062723c751e8b465ee728b)  -> (artifact id: '374e2248a01350b021fed2ff615a8b09') in 0.020501 seconds 
  Import took 0.025503 seconds .

========================================================================
Received Import Request.
  Time since last request: 0.000263 seconds.
  path: Assets/Bolt 2D JellyFarm VE2/Sprites/UI/Panel Border.png
  artifactKey: Guid(bf2b31ceb6a9bab4d93edffe34b2eae6) Importer(815301076,1909f56bfc062723c751e8b465ee728b)
Start importing Assets/Bolt 2D JellyFarm VE2/Sprites/UI/Panel Border.png using Guid(bf2b31ceb6a9bab4d93edffe34b2eae6) Importer(815301076,1909f56bfc062723c751e8b465ee728b)  -> (artifact id: '3ff313d15f01f10b922b541736a73e64') in 0.017475 seconds 
  Import took 0.021670 seconds .

========================================================================
Received Import Request.
  Time since last request: 0.000278 seconds.
  path: Assets/Bolt 2D JellyFarm VE2/Sprites/UI/Lock.png
  artifactKey: Guid(14cbb79d17bbcb4488f2f84c10898056) Importer(815301076,1909f56bfc062723c751e8b465ee728b)
Start importing Assets/Bolt 2D JellyFarm VE2/Sprites/UI/Lock.png using Guid(14cbb79d17bbcb4488f2f84c10898056) Importer(815301076,1909f56bfc062723c751e8b465ee728b)  -> (artifact id: '189ce919b384952320bf763c424b6767') in 0.021502 seconds 
  Import took 0.026046 seconds .

========================================================================
Received Import Request.
  Time since last request: 0.000249 seconds.
  path: Assets/Bolt 2D JellyFarm VE2/Sprites/UI/Icon 1.png
  artifactKey: Guid(4a4e38441adaaf64c9251018be41c8f6) Importer(815301076,1909f56bfc062723c751e8b465ee728b)
Start importing Assets/Bolt 2D JellyFarm VE2/Sprites/UI/Icon 1.png using Guid(4a4e38441adaaf64c9251018be41c8f6) Importer(815301076,1909f56bfc062723c751e8b465ee728b)  -> (artifact id: '323fa05f2eded4145081ac105b3908ea') in 0.020076 seconds 
  Import took 0.023786 seconds .

========================================================================
Received Import Request.
  Time since last request: 0.000245 seconds.
  path: Assets/Bolt 2D JellyFarm VE2/Sprites/UI/Panel Right Over.png
  artifactKey: Guid(dcfc8a54a5261b4488cae020699f3975) Importer(815301076,1909f56bfc062723c751e8b465ee728b)
Start importing Assets/Bolt 2D JellyFarm VE2/Sprites/UI/Panel Right Over.png using Guid(dcfc8a54a5261b4488cae020699f3975) Importer(815301076,1909f56bfc062723c751e8b465ee728b)  -> (artifact id: '470f3110dbbfad8e3d07624839a8987d') in 0.017879 seconds 
  Import took 0.021048 seconds .

========================================================================
Received Import Request.
  Time since last request: 0.000283 seconds.
  path: Assets/Bolt 2D JellyFarm VE2/Sprites/UI/Icon 6.png
  artifactKey: Guid(b1d81fd4029ff3f47bbb0da5379cd31d) Importer(815301076,1909f56bfc062723c751e8b465ee728b)
Start importing Assets/Bolt 2D JellyFarm VE2/Sprites/UI/Icon 6.png using Guid(b1d81fd4029ff3f47bbb0da5379cd31d) Importer(815301076,1909f56bfc062723c751e8b465ee728b)  -> (artifact id: '32f5d1a3827599d14df430e42c31a7f3') in 0.015077 seconds 
  Import took 0.020261 seconds .

========================================================================
Received Import Request.
  Time since last request: 0.000285 seconds.
  path: Assets/Bolt 2D JellyFarm VE2/Sprites/UI/Icon 5.png
  artifactKey: Guid(7ea52d616d157c947a0765439d1ae441) Importer(815301076,1909f56bfc062723c751e8b465ee728b)
Start importing Assets/Bolt 2D JellyFarm VE2/Sprites/UI/Icon 5.png using Guid(7ea52d616d157c947a0765439d1ae441) Importer(815301076,1909f56bfc062723c751e8b465ee728b)  -> (artifact id: '5e8d943c7c34734323df8d705b69a08d') in 0.017010 seconds 
  Import took 0.020682 seconds .

========================================================================
Received Import Request.
  Time since last request: 0.000251 seconds.
  path: Assets/Bolt 2D JellyFarm VE2/Sprites/UI/Icon 4.png
  artifactKey: Guid(f752d344d11683842a810ca1ce47728d) Importer(815301076,1909f56bfc062723c751e8b465ee728b)
Start importing Assets/Bolt 2D JellyFarm VE2/Sprites/UI/Icon 4.png using Guid(f752d344d11683842a810ca1ce47728d) Importer(815301076,1909f56bfc062723c751e8b465ee728b)  -> (artifact id: '42289534d3ab193df24f630478895454') in 0.018745 seconds 
  Import took 0.022233 seconds .

========================================================================
Received Import Request.
  Time since last request: 0.000231 seconds.
  path: Assets/Bolt 2D JellyFarm VE2/Sprites/UI/Panel Left Over.png
  artifactKey: Guid(0c0bada3cbd3c2041b3742457d590faf) Importer(815301076,1909f56bfc062723c751e8b465ee728b)
Start importing Assets/Bolt 2D JellyFarm VE2/Sprites/UI/Panel Left Over.png using Guid(0c0bada3cbd3c2041b3742457d590faf) Importer(815301076,1909f56bfc062723c751e8b465ee728b)  -> (artifact id: '22deb783da8867ad44b09599d9d9cbcd') in 0.017525 seconds 
  Import took 0.021027 seconds .

========================================================================
Received Import Request.
  Time since last request: 0.000315 seconds.
  path: Assets/Bolt 2D JellyFarm VE2/Sprites/UI/Icon 2 Over.png
  artifactKey: Guid(526edf75fa93d364fbb3eeb1a06a6f47) Importer(815301076,1909f56bfc062723c751e8b465ee728b)
Start importing Assets/Bolt 2D JellyFarm VE2/Sprites/UI/Icon 2 Over.png using Guid(526edf75fa93d364fbb3eeb1a06a6f47) Importer(815301076,1909f56bfc062723c751e8b465ee728b)  -> (artifact id: '6a2d6a6a518ebbd447bc18558f72f1b7') in 0.016853 seconds 
  Import took 0.021975 seconds .

========================================================================
Received Import Request.
  Time since last request: 0.000216 seconds.
  path: Assets/Bolt 2D JellyFarm VE2/Sprites/UI/Icon Shadow.png
  artifactKey: Guid(a2b1efbe52bb7e8469a0f71be94ca717) Importer(815301076,1909f56bfc062723c751e8b465ee728b)
Start importing Assets/Bolt 2D JellyFarm VE2/Sprites/UI/Icon Shadow.png using Guid(a2b1efbe52bb7e8469a0f71be94ca717) Importer(815301076,1909f56bfc062723c751e8b465ee728b)  -> (artifact id: '59d99002232a5a41ada55d135886993f') in 0.018384 seconds 
  Import took 0.022061 seconds .

========================================================================
Received Import Request.
  Time since last request: 0.000248 seconds.
  path: Assets/Bolt 2D JellyFarm VE2/Sprites/UI/Medal.png
  artifactKey: Guid(9396d80065b15fb4e9f5fa16deb1841a) Importer(815301076,1909f56bfc062723c751e8b465ee728b)
Start importing Assets/Bolt 2D JellyFarm VE2/Sprites/UI/Medal.png using Guid(9396d80065b15fb4e9f5fa16deb1841a) Importer(815301076,1909f56bfc062723c751e8b465ee728b)  -> (artifact id: 'eefa940fe603f0fcd934503cd8831567') in 0.015983 seconds 
  Import took 0.019789 seconds .

========================================================================
Received Import Request.
  Time since last request: 0.000278 seconds.
  path: Assets/Bolt 2D JellyFarm VE2/Sprites/UI/Icon 2.png
  artifactKey: Guid(d4bb5b2bf799cbe48896bb8c60334f41) Importer(815301076,1909f56bfc062723c751e8b465ee728b)
Start importing Assets/Bolt 2D JellyFarm VE2/Sprites/UI/Icon 2.png using Guid(d4bb5b2bf799cbe48896bb8c60334f41) Importer(815301076,1909f56bfc062723c751e8b465ee728b)  -> (artifact id: 'b141ec01d81e245ab2cda3a5b923d630') in 0.019136 seconds 
  Import took 0.023010 seconds .

========================================================================
Received Import Request.
  Time since last request: 0.000282 seconds.
  path: Assets/Bolt 2D JellyFarm VE2/Sprites/UI/Panel.png
  artifactKey: Guid(18f348779f4feae45a6195ae06cbc32e) Importer(815301076,1909f56bfc062723c751e8b465ee728b)
Start importing Assets/Bolt 2D JellyFarm VE2/Sprites/UI/Panel.png using Guid(18f348779f4feae45a6195ae06cbc32e) Importer(815301076,1909f56bfc062723c751e8b465ee728b)  -> (artifact id: 'cbd1895c331f822419b304947d2f7fc1') in 0.017133 seconds 
  Import took 0.021359 seconds .

========================================================================
Received Import Request.
  Time since last request: 0.000219 seconds.
  path: Assets/Bolt 2D JellyFarm VE2/Sprites/UI/Panel Right.png
  artifactKey: Guid(64678e98cfb9c2a45a4ed1019c6d2941) Importer(815301076,1909f56bfc062723c751e8b465ee728b)
Start importing Assets/Bolt 2D JellyFarm VE2/Sprites/UI/Panel Right.png using Guid(64678e98cfb9c2a45a4ed1019c6d2941) Importer(815301076,1909f56bfc062723c751e8b465ee728b)  -> (artifact id: '14aeb1113fa5128006066fff4ad4221e') in 0.014317 seconds 
  Import took 0.017714 seconds .

========================================================================
Received Prepare
Registering precompiled user dll's ...
Registered in 0.004371 seconds.
Begin MonoManager ReloadAssembly
Native extension for WindowsStandalone target not found
Refreshing native plugins compatible for Editor in 0.66 ms, found 3 plugins.
Preloading 0 native plugins for Editor in 0.00 ms.
Mono: successfully reloaded assembly
- Completed reload, in  0.921 seconds
Domain Reload Profiling:
	ReloadAssembly (921ms)
		BeginReloadAssembly (118ms)
			ExecutionOrderSort (0ms)
			DisableScriptedObjects (5ms)
			BackupInstance (0ms)
			ReleaseScriptingObjects (0ms)
			CreateAndSetChildDomain (41ms)
		EndReloadAssembly (746ms)
			LoadAssemblies (82ms)
			RebuildTransferFunctionScriptingTraits (0ms)
			SetupTypeCache (247ms)
			ReleaseScriptCaches (1ms)
			RebuildScriptCaches (71ms)
			SetupLoadedEditorAssemblies (246ms)
				LogAssemblyErrors (0ms)
				InitializePlatformSupportModulesInManaged (4ms)
				SetLoadedEditorAssemblies (0ms)
				RefreshPlugins (1ms)
				BeforeProcessingInitializeOnLoad (53ms)
				ProcessInitializeOnLoadAttributes (172ms)
				ProcessInitializeOnLoadMethodAttributes (10ms)
				AfterProcessingInitializeOnLoad (6ms)
				EditorAssembliesLoaded (0ms)
			ExecutionOrderSort2 (0ms)
			AwakeInstancesAfterBackupRestoration (12ms)
Platform modules already initialized, skipping
Refreshing native plugins compatible for Editor in 0.48 ms, found 3 plugins.
Preloading 0 native plugins for Editor in 0.00 ms.
Unloading 2171 Unused Serialized files (Serialized files now loaded: 0)
System memory in use before: 98.7 MB.
System memory in use after: 98.8 MB.

Unloading 19 unused Assets to reduce memory usage. Loaded Objects now: 2706.
Total: 2.934500 ms (FindLiveObjects: 0.176400 ms CreateObjectMapping: 0.069800 ms MarkObjects: 2.668400 ms  DeleteObjects: 0.019100 ms)

AssetImportParameters requested are different than current active one (requested -> active):
  custom:framework-win-MediaFoundation: 216162199b28c13a410421893ffa2e32 -> 
  custom:video-decoder-ogg-theora: a1e56fd34408186e4bbccfd4996cb3dc -> 
  custom:container-muxer-webm: aa71ff27fc2769a1b78a27578f13a17b -> 
  custom:container-demuxer-webm: 4f35f7cbe854078d1ac9338744f61a02 -> 
  custom:container-demuxer-ogg: 62fdf1f143b41e24485cea50d1cbac27 -> 
  custom:video-encoder-webm-vp8: eb34c28f22e8b96e1ab97ce403110664 -> 
  custom:video-decoder-webm-vp8: 9c59270c3fd7afecdb556c50c9e8de78 -> 
  custom:audio-decoder-ogg-vorbis: bf7c407c2cedff20999df2af8eb42d56 -> 
  custom:audio-encoder-webm-vorbis: bf7c407c2cedff20999df2af8eb42d56 -> 
========================================================================
Received Import Request.
  Time since last request: 74.277310 seconds.
  path: Assets/角色相關/03_0_0.controller
  artifactKey: Guid(708469f6173e08641929a2320e5f6bed) Importer(815301076,1909f56bfc062723c751e8b465ee728b)
Start importing Assets/角色相關/03_0_0.controller using Guid(708469f6173e08641929a2320e5f6bed) Importer(815301076,1909f56bfc062723c751e8b465ee728b)  -> (artifact id: 'b6eecd19fc91db180925dce402a482da') in 0.019066 seconds 
  Import took 0.023443 seconds .

========================================================================
Received Prepare
Registering precompiled user dll's ...
Registered in 0.004648 seconds.
Begin MonoManager ReloadAssembly
Native extension for WindowsStandalone target not found
Refreshing native plugins compatible for Editor in 0.44 ms, found 3 plugins.
Preloading 0 native plugins for Editor in 0.00 ms.
Mono: successfully reloaded assembly
- Completed reload, in  0.930 seconds
Domain Reload Profiling:
	ReloadAssembly (930ms)
		BeginReloadAssembly (116ms)
			ExecutionOrderSort (0ms)
			DisableScriptedObjects (7ms)
			BackupInstance (0ms)
			ReleaseScriptingObjects (0ms)
			CreateAndSetChildDomain (35ms)
		EndReloadAssembly (758ms)
			LoadAssemblies (107ms)
			RebuildTransferFunctionScriptingTraits (0ms)
			SetupTypeCache (256ms)
			ReleaseScriptCaches (1ms)
			RebuildScriptCaches (38ms)
			SetupLoadedEditorAssemblies (262ms)
				LogAssemblyErrors (0ms)
				InitializePlatformSupportModulesInManaged (4ms)
				SetLoadedEditorAssemblies (0ms)
				RefreshPlugins (0ms)
				BeforeProcessingInitializeOnLoad (54ms)
				ProcessInitializeOnLoadAttributes (186ms)
				ProcessInitializeOnLoadMethodAttributes (10ms)
				AfterProcessingInitializeOnLoad (6ms)
				EditorAssembliesLoaded (0ms)
			ExecutionOrderSort2 (0ms)
			AwakeInstancesAfterBackupRestoration (8ms)
Platform modules already initialized, skipping
Refreshing native plugins compatible for Editor in 0.51 ms, found 3 plugins.
Preloading 0 native plugins for Editor in 0.00 ms.
Unloading 2171 Unused Serialized files (Serialized files now loaded: 0)
System memory in use before: 98.7 MB.
System memory in use after: 98.8 MB.

Unloading 17 unused Assets to reduce memory usage. Loaded Objects now: 2708.
Total: 3.048700 ms (FindLiveObjects: 0.182800 ms CreateObjectMapping: 0.071400 ms MarkObjects: 2.777900 ms  DeleteObjects: 0.015600 ms)

AssetImportParameters requested are different than current active one (requested -> active):
  custom:framework-win-MediaFoundation: 216162199b28c13a410421893ffa2e32 -> 
  custom:video-decoder-ogg-theora: a1e56fd34408186e4bbccfd4996cb3dc -> 
  custom:container-muxer-webm: aa71ff27fc2769a1b78a27578f13a17b -> 
  custom:container-demuxer-webm: 4f35f7cbe854078d1ac9338744f61a02 -> 
  custom:container-demuxer-ogg: 62fdf1f143b41e24485cea50d1cbac27 -> 
  custom:video-encoder-webm-vp8: eb34c28f22e8b96e1ab97ce403110664 -> 
  custom:video-decoder-webm-vp8: 9c59270c3fd7afecdb556c50c9e8de78 -> 
  custom:audio-decoder-ogg-vorbis: bf7c407c2cedff20999df2af8eb42d56 -> 
  custom:audio-encoder-webm-vorbis: bf7c407c2cedff20999df2af8eb42d56 -> 
========================================================================
Received Import Request.
  Time since last request: 236.355564 seconds.
  path: Assets/角色相關/狸貓待機.anim
  artifactKey: Guid(49e7cd630a045134da2773a523801954) Importer(815301076,1909f56bfc062723c751e8b465ee728b)
Start importing Assets/角色相關/狸貓待機.anim using Guid(49e7cd630a045134da2773a523801954) Importer(815301076,1909f56bfc062723c751e8b465ee728b)  -> (artifact id: 'd34f178c16152dbaaefc4e25dabf0486') in 0.013161 seconds 
  Import took 0.017669 seconds .

========================================================================
Received Import Request.
  Time since last request: 9.007646 seconds.
  path: Assets/角色相關/狸貓.controller
  artifactKey: Guid(931c609ee5d992b499de2ee7c5e513eb) Importer(815301076,1909f56bfc062723c751e8b465ee728b)
Start importing Assets/角色相關/狸貓.controller using Guid(931c609ee5d992b499de2ee7c5e513eb) Importer(815301076,1909f56bfc062723c751e8b465ee728b)  -> (artifact id: 'e1c3433ebc458624b781121dd34f3128') in 0.003660 seconds 
  Import took 0.007416 seconds .

========================================================================
Received Prepare
Registering precompiled user dll's ...
Registered in 0.004903 seconds.
Begin MonoManager ReloadAssembly
Native extension for WindowsStandalone target not found
Refreshing native plugins compatible for Editor in 0.45 ms, found 3 plugins.
Preloading 0 native plugins for Editor in 0.00 ms.
Mono: successfully reloaded assembly
- Completed reload, in  0.908 seconds
Domain Reload Profiling:
	ReloadAssembly (909ms)
		BeginReloadAssembly (106ms)
			ExecutionOrderSort (0ms)
			DisableScriptedObjects (7ms)
			BackupInstance (0ms)
			ReleaseScriptingObjects (0ms)
			CreateAndSetChildDomain (30ms)
		EndReloadAssembly (743ms)
			LoadAssemblies (83ms)
			RebuildTransferFunctionScriptingTraits (0ms)
			SetupTypeCache (280ms)
			ReleaseScriptCaches (1ms)
			RebuildScriptCaches (38ms)
			SetupLoadedEditorAssemblies (253ms)
				LogAssemblyErrors (0ms)
				InitializePlatformSupportModulesInManaged (4ms)
				SetLoadedEditorAssemblies (0ms)
				RefreshPlugins (0ms)
				BeforeProcessingInitializeOnLoad (52ms)
				ProcessInitializeOnLoadAttributes (180ms)
				ProcessInitializeOnLoadMethodAttributes (10ms)
				AfterProcessingInitializeOnLoad (6ms)
				EditorAssembliesLoaded (0ms)
			ExecutionOrderSort2 (0ms)
			AwakeInstancesAfterBackupRestoration (8ms)
Platform modules already initialized, skipping
Refreshing native plugins compatible for Editor in 0.48 ms, found 3 plugins.
Preloading 0 native plugins for Editor in 0.00 ms.
Unloading 2171 Unused Serialized files (Serialized files now loaded: 0)
System memory in use before: 98.7 MB.
System memory in use after: 98.8 MB.

Unloading 17 unused Assets to reduce memory usage. Loaded Objects now: 2710.
Total: 3.498800 ms (FindLiveObjects: 0.201900 ms CreateObjectMapping: 0.066600 ms MarkObjects: 3.213100 ms  DeleteObjects: 0.016400 ms)

AssetImportParameters requested are different than current active one (requested -> active):
  custom:framework-win-MediaFoundation: 216162199b28c13a410421893ffa2e32 -> 
  custom:video-decoder-ogg-theora: a1e56fd34408186e4bbccfd4996cb3dc -> 
  custom:container-muxer-webm: aa71ff27fc2769a1b78a27578f13a17b -> 
  custom:container-demuxer-webm: 4f35f7cbe854078d1ac9338744f61a02 -> 
  custom:container-demuxer-ogg: 62fdf1f143b41e24485cea50d1cbac27 -> 
  custom:video-encoder-webm-vp8: eb34c28f22e8b96e1ab97ce403110664 -> 
  custom:video-decoder-webm-vp8: 9c59270c3fd7afecdb556c50c9e8de78 -> 
  custom:audio-decoder-ogg-vorbis: bf7c407c2cedff20999df2af8eb42d56 -> 
  custom:audio-encoder-webm-vorbis: bf7c407c2cedff20999df2af8eb42d56 -> 
========================================================================
Received Prepare
Registering precompiled user dll's ...
Registered in 0.004487 seconds.
Begin MonoManager ReloadAssembly
Native extension for WindowsStandalone target not found
Refreshing native plugins compatible for Editor in 0.66 ms, found 3 plugins.
Preloading 0 native plugins for Editor in 0.00 ms.
Mono: successfully reloaded assembly
- Completed reload, in  0.902 seconds
Domain Reload Profiling:
	ReloadAssembly (903ms)
		BeginReloadAssembly (140ms)
			ExecutionOrderSort (0ms)
			DisableScriptedObjects (5ms)
			BackupInstance (0ms)
			ReleaseScriptingObjects (0ms)
			CreateAndSetChildDomain (52ms)
		EndReloadAssembly (708ms)
			LoadAssemblies (94ms)
			RebuildTransferFunctionScriptingTraits (0ms)
			SetupTypeCache (244ms)
			ReleaseScriptCaches (1ms)
			RebuildScriptCaches (37ms)
			SetupLoadedEditorAssemblies (257ms)
				LogAssemblyErrors (0ms)
				InitializePlatformSupportModulesInManaged (4ms)
				SetLoadedEditorAssemblies (0ms)
				RefreshPlugins (1ms)
				BeforeProcessingInitializeOnLoad (55ms)
				ProcessInitializeOnLoadAttributes (180ms)
				ProcessInitializeOnLoadMethodAttributes (10ms)
				AfterProcessingInitializeOnLoad (7ms)
				EditorAssembliesLoaded (0ms)
			ExecutionOrderSort2 (0ms)
			AwakeInstancesAfterBackupRestoration (8ms)
Platform modules already initialized, skipping
Refreshing native plugins compatible for Editor in 0.50 ms, found 3 plugins.
Preloading 0 native plugins for Editor in 0.00 ms.
Unloading 2171 Unused Serialized files (Serialized files now loaded: 0)
System memory in use before: 98.7 MB.
System memory in use after: 98.8 MB.

Unloading 17 unused Assets to reduce memory usage. Loaded Objects now: 2712.
Total: 3.184600 ms (FindLiveObjects: 0.201300 ms CreateObjectMapping: 0.062400 ms MarkObjects: 2.904900 ms  DeleteObjects: 0.015300 ms)

AssetImportParameters requested are different than current active one (requested -> active):
  custom:framework-win-MediaFoundation: 216162199b28c13a410421893ffa2e32 -> 
  custom:video-decoder-ogg-theora: a1e56fd34408186e4bbccfd4996cb3dc -> 
  custom:container-muxer-webm: aa71ff27fc2769a1b78a27578f13a17b -> 
  custom:container-demuxer-webm: 4f35f7cbe854078d1ac9338744f61a02 -> 
  custom:container-demuxer-ogg: 62fdf1f143b41e24485cea50d1cbac27 -> 
  custom:video-encoder-webm-vp8: eb34c28f22e8b96e1ab97ce403110664 -> 
  custom:video-decoder-webm-vp8: 9c59270c3fd7afecdb556c50c9e8de78 -> 
  custom:audio-decoder-ogg-vorbis: bf7c407c2cedff20999df2af8eb42d56 -> 
  custom:audio-encoder-webm-vorbis: bf7c407c2cedff20999df2af8eb42d56 -> 
========================================================================
Received Prepare
Registering precompiled user dll's ...
Registered in 0.004406 seconds.
Begin MonoManager ReloadAssembly
Native extension for WindowsStandalone target not found
Refreshing native plugins compatible for Editor in 1.09 ms, found 3 plugins.
Preloading 0 native plugins for Editor in 0.00 ms.
Mono: successfully reloaded assembly
- Completed reload, in  0.906 seconds
Domain Reload Profiling:
	ReloadAssembly (906ms)
		BeginReloadAssembly (104ms)
			ExecutionOrderSort (0ms)
			DisableScriptedObjects (5ms)
			BackupInstance (0ms)
			ReleaseScriptingObjects (0ms)
			CreateAndSetChildDomain (30ms)
		EndReloadAssembly (745ms)
			LoadAssemblies (79ms)
			RebuildTransferFunctionScriptingTraits (0ms)
			SetupTypeCache (259ms)
			ReleaseScriptCaches (1ms)
			RebuildScriptCaches (36ms)
			SetupLoadedEditorAssemblies (280ms)
				LogAssemblyErrors (0ms)
				InitializePlatformSupportModulesInManaged (6ms)
				SetLoadedEditorAssemblies (1ms)
				RefreshPlugins (1ms)
				BeforeProcessingInitializeOnLoad (76ms)
				ProcessInitializeOnLoadAttributes (181ms)
				ProcessInitializeOnLoadMethodAttributes (10ms)
				AfterProcessingInitializeOnLoad (6ms)
				EditorAssembliesLoaded (0ms)
			ExecutionOrderSort2 (0ms)
			AwakeInstancesAfterBackupRestoration (8ms)
Platform modules already initialized, skipping
Refreshing native plugins compatible for Editor in 0.50 ms, found 3 plugins.
Preloading 0 native plugins for Editor in 0.00 ms.
Unloading 2171 Unused Serialized files (Serialized files now loaded: 0)
System memory in use before: 98.8 MB.
System memory in use after: 98.9 MB.

Unloading 17 unused Assets to reduce memory usage. Loaded Objects now: 2714.
Total: 3.163500 ms (FindLiveObjects: 0.225500 ms CreateObjectMapping: 0.070000 ms MarkObjects: 2.851300 ms  DeleteObjects: 0.016100 ms)

AssetImportParameters requested are different than current active one (requested -> active):
  custom:framework-win-MediaFoundation: 216162199b28c13a410421893ffa2e32 -> 
  custom:video-decoder-ogg-theora: a1e56fd34408186e4bbccfd4996cb3dc -> 
  custom:container-muxer-webm: aa71ff27fc2769a1b78a27578f13a17b -> 
  custom:container-demuxer-webm: 4f35f7cbe854078d1ac9338744f61a02 -> 
  custom:container-demuxer-ogg: 62fdf1f143b41e24485cea50d1cbac27 -> 
  custom:video-encoder-webm-vp8: eb34c28f22e8b96e1ab97ce403110664 -> 
  custom:video-decoder-webm-vp8: 9c59270c3fd7afecdb556c50c9e8de78 -> 
  custom:audio-decoder-ogg-vorbis: bf7c407c2cedff20999df2af8eb42d56 -> 
  custom:audio-encoder-webm-vorbis: bf7c407c2cedff20999df2af8eb42d56 -> 
========================================================================
Received Prepare
Registering precompiled user dll's ...
Registered in 0.004528 seconds.
Begin MonoManager ReloadAssembly
Native extension for WindowsStandalone target not found
Refreshing native plugins compatible for Editor in 0.45 ms, found 3 plugins.
Preloading 0 native plugins for Editor in 0.00 ms.
Mono: successfully reloaded assembly
- Completed reload, in  0.910 seconds
Domain Reload Profiling:
	ReloadAssembly (911ms)
		BeginReloadAssembly (106ms)
			ExecutionOrderSort (0ms)
			DisableScriptedObjects (6ms)
			BackupInstance (0ms)
			ReleaseScriptingObjects (0ms)
			CreateAndSetChildDomain (28ms)
		EndReloadAssembly (749ms)
			LoadAssemblies (82ms)
			RebuildTransferFunctionScriptingTraits (0ms)
			SetupTypeCache (246ms)
			ReleaseScriptCaches (1ms)
			RebuildScriptCaches (37ms)
			SetupLoadedEditorAssemblies (295ms)
				LogAssemblyErrors (0ms)
				InitializePlatformSupportModulesInManaged (4ms)
				SetLoadedEditorAssemblies (0ms)
				RefreshPlugins (0ms)
				BeforeProcessingInitializeOnLoad (79ms)
				ProcessInitializeOnLoadAttributes (194ms)
				ProcessInitializeOnLoadMethodAttributes (10ms)
				AfterProcessingInitializeOnLoad (6ms)
				EditorAssembliesLoaded (0ms)
			ExecutionOrderSort2 (0ms)
			AwakeInstancesAfterBackupRestoration (8ms)
Platform modules already initialized, skipping
Refreshing native plugins compatible for Editor in 0.50 ms, found 3 plugins.
Preloading 0 native plugins for Editor in 0.00 ms.
Unloading 2171 Unused Serialized files (Serialized files now loaded: 0)
System memory in use before: 98.8 MB.
System memory in use after: 99.0 MB.

Unloading 17 unused Assets to reduce memory usage. Loaded Objects now: 2716.
Total: 2.781600 ms (FindLiveObjects: 0.184500 ms CreateObjectMapping: 0.069100 ms MarkObjects: 2.511000 ms  DeleteObjects: 0.016400 ms)

AssetImportParameters requested are different than current active one (requested -> active):
  custom:framework-win-MediaFoundation: 216162199b28c13a410421893ffa2e32 -> 
  custom:video-decoder-ogg-theora: a1e56fd34408186e4bbccfd4996cb3dc -> 
  custom:container-muxer-webm: aa71ff27fc2769a1b78a27578f13a17b -> 
  custom:container-demuxer-webm: 4f35f7cbe854078d1ac9338744f61a02 -> 
  custom:container-demuxer-ogg: 62fdf1f143b41e24485cea50d1cbac27 -> 
  custom:video-encoder-webm-vp8: eb34c28f22e8b96e1ab97ce403110664 -> 
  custom:video-decoder-webm-vp8: 9c59270c3fd7afecdb556c50c9e8de78 -> 
  custom:audio-decoder-ogg-vorbis: bf7c407c2cedff20999df2af8eb42d56 -> 
  custom:audio-encoder-webm-vorbis: bf7c407c2cedff20999df2af8eb42d56 -> 
========================================================================
Received Import Request.
  Time since last request: 681.463686 seconds.
  path: Assets/player.cs
  artifactKey: Guid(5cd3dd9177fe8754e90f7a737c91c0e5) Importer(815301076,1909f56bfc062723c751e8b465ee728b)
Start importing Assets/player.cs using Guid(5cd3dd9177fe8754e90f7a737c91c0e5) Importer(815301076,1909f56bfc062723c751e8b465ee728b)  -> (artifact id: 'f0553b3b134ce25e81c38aeff54f1a23') in 0.011867 seconds 
  Import took 0.016934 seconds .

========================================================================
Received Prepare
Registering precompiled user dll's ...
Registered in 0.004447 seconds.
Begin MonoManager ReloadAssembly
Native extension for WindowsStandalone target not found
Refreshing native plugins compatible for Editor in 0.47 ms, found 3 plugins.
Preloading 0 native plugins for Editor in 0.00 ms.
Mono: successfully reloaded assembly
- Completed reload, in  0.882 seconds
Domain Reload Profiling:
	ReloadAssembly (883ms)
		BeginReloadAssembly (105ms)
			ExecutionOrderSort (0ms)
			DisableScriptedObjects (5ms)
			BackupInstance (0ms)
			ReleaseScriptingObjects (0ms)
			CreateAndSetChildDomain (31ms)
		EndReloadAssembly (719ms)
			LoadAssemblies (105ms)
			RebuildTransferFunctionScriptingTraits (0ms)
			SetupTypeCache (242ms)
			ReleaseScriptCaches (1ms)
			RebuildScriptCaches (38ms)
			SetupLoadedEditorAssemblies (249ms)
				LogAssemblyErrors (0ms)
				InitializePlatformSupportModulesInManaged (4ms)
				SetLoadedEditorAssemblies (1ms)
				RefreshPlugins (1ms)
				BeforeProcessingInitializeOnLoad (53ms)
				ProcessInitializeOnLoadAttributes (174ms)
				ProcessInitializeOnLoadMethodAttributes (9ms)
				AfterProcessingInitializeOnLoad (6ms)
				EditorAssembliesLoaded (0ms)
			ExecutionOrderSort2 (0ms)
			AwakeInstancesAfterBackupRestoration (8ms)
Platform modules already initialized, skipping
Refreshing native plugins compatible for Editor in 0.85 ms, found 3 plugins.
Preloading 0 native plugins for Editor in 0.00 ms.
Unloading 2172 Unused Serialized files (Serialized files now loaded: 0)
System memory in use before: 98.9 MB.
System memory in use after: 99.1 MB.

Unloading 17 unused Assets to reduce memory usage. Loaded Objects now: 2719.
Total: 3.379600 ms (FindLiveObjects: 0.209900 ms CreateObjectMapping: 0.087500 ms MarkObjects: 3.064800 ms  DeleteObjects: 0.016400 ms)

AssetImportParameters requested are different than current active one (requested -> active):
  custom:framework-win-MediaFoundation: 216162199b28c13a410421893ffa2e32 -> 
  custom:video-decoder-ogg-theora: a1e56fd34408186e4bbccfd4996cb3dc -> 
  custom:container-muxer-webm: aa71ff27fc2769a1b78a27578f13a17b -> 
  custom:container-demuxer-webm: 4f35f7cbe854078d1ac9338744f61a02 -> 
  custom:container-demuxer-ogg: 62fdf1f143b41e24485cea50d1cbac27 -> 
  custom:video-encoder-webm-vp8: eb34c28f22e8b96e1ab97ce403110664 -> 
  custom:video-decoder-webm-vp8: 9c59270c3fd7afecdb556c50c9e8de78 -> 
  custom:audio-decoder-ogg-vorbis: bf7c407c2cedff20999df2af8eb42d56 -> 
  custom:audio-encoder-webm-vorbis: bf7c407c2cedff20999df2af8eb42d56 -> 
========================================================================
Received Import Request.
  Time since last request: 142.538024 seconds.
  path: Assets/角色相關/NewPlayableAsset.cs
  artifactKey: Guid(4557a96a1f3d9cc44b205ddd559d4080) Importer(815301076,1909f56bfc062723c751e8b465ee728b)
Start importing Assets/角色相關/NewPlayableAsset.cs using Guid(4557a96a1f3d9cc44b205ddd559d4080) Importer(815301076,1909f56bfc062723c751e8b465ee728b)  -> (artifact id: '5de86dbeaca23cebe5a8e5d090462b12') in 0.014946 seconds 
  Import took 0.019244 seconds .

========================================================================
Received Prepare
Registering precompiled user dll's ...
Registered in 0.004318 seconds.
Begin MonoManager ReloadAssembly
Native extension for WindowsStandalone target not found
Refreshing native plugins compatible for Editor in 0.47 ms, found 3 plugins.
Preloading 0 native plugins for Editor in 0.00 ms.
Mono: successfully reloaded assembly
- Completed reload, in  0.896 seconds
Domain Reload Profiling:
	ReloadAssembly (897ms)
		BeginReloadAssembly (94ms)
			ExecutionOrderSort (0ms)
			DisableScriptedObjects (6ms)
			BackupInstance (0ms)
			ReleaseScriptingObjects (0ms)
			CreateAndSetChildDomain (28ms)
		EndReloadAssembly (725ms)
			LoadAssemblies (81ms)
			RebuildTransferFunctionScriptingTraits (0ms)
			SetupTypeCache (264ms)
			ReleaseScriptCaches (1ms)
			RebuildScriptCaches (38ms)
			SetupLoadedEditorAssemblies (252ms)
				LogAssemblyErrors (0ms)
				InitializePlatformSupportModulesInManaged (4ms)
				SetLoadedEditorAssemblies (0ms)
				RefreshPlugins (1ms)
				BeforeProcessingInitializeOnLoad (55ms)
				ProcessInitializeOnLoadAttributes (176ms)
				ProcessInitializeOnLoadMethodAttributes (9ms)
				AfterProcessingInitializeOnLoad (6ms)
				EditorAssembliesLoaded (0ms)
			ExecutionOrderSort2 (0ms)
			AwakeInstancesAfterBackupRestoration (8ms)
Platform modules already initialized, skipping
Refreshing native plugins compatible for Editor in 0.68 ms, found 3 plugins.
Preloading 0 native plugins for Editor in 0.00 ms.
Unloading 2173 Unused Serialized files (Serialized files now loaded: 0)
System memory in use before: 98.9 MB.
System memory in use after: 99.1 MB.

Unloading 17 unused Assets to reduce memory usage. Loaded Objects now: 2722.
Total: 3.328900 ms (FindLiveObjects: 0.247600 ms CreateObjectMapping: 0.082700 ms MarkObjects: 2.982000 ms  DeleteObjects: 0.015700 ms)

AssetImportParameters requested are different than current active one (requested -> active):
  custom:framework-win-MediaFoundation: 216162199b28c13a410421893ffa2e32 -> 
  custom:video-decoder-ogg-theora: a1e56fd34408186e4bbccfd4996cb3dc -> 
  custom:container-muxer-webm: aa71ff27fc2769a1b78a27578f13a17b -> 
  custom:container-demuxer-webm: 4f35f7cbe854078d1ac9338744f61a02 -> 
  custom:container-demuxer-ogg: 62fdf1f143b41e24485cea50d1cbac27 -> 
  custom:video-encoder-webm-vp8: eb34c28f22e8b96e1ab97ce403110664 -> 
  custom:video-decoder-webm-vp8: 9c59270c3fd7afecdb556c50c9e8de78 -> 
  custom:audio-decoder-ogg-vorbis: bf7c407c2cedff20999df2af8eb42d56 -> 
  custom:audio-encoder-webm-vorbis: bf7c407c2cedff20999df2af8eb42d56 -> 
========================================================================
Received Prepare
Registering precompiled user dll's ...
Registered in 0.004403 seconds.
Begin MonoManager ReloadAssembly
Native extension for WindowsStandalone target not found
Refreshing native plugins compatible for Editor in 0.46 ms, found 3 plugins.
Preloading 0 native plugins for Editor in 0.00 ms.
Mono: successfully reloaded assembly
- Completed reload, in  0.866 seconds
Domain Reload Profiling:
	ReloadAssembly (866ms)
		BeginReloadAssembly (115ms)
			ExecutionOrderSort (0ms)
			DisableScriptedObjects (7ms)
			BackupInstance (0ms)
			ReleaseScriptingObjects (0ms)
			CreateAndSetChildDomain (35ms)
		EndReloadAssembly (696ms)
			LoadAssemblies (81ms)
			RebuildTransferFunctionScriptingTraits (0ms)
			SetupTypeCache (246ms)
			ReleaseScriptCaches (1ms)
			RebuildScriptCaches (37ms)
			SetupLoadedEditorAssemblies (247ms)
				LogAssemblyErrors (0ms)
				InitializePlatformSupportModulesInManaged (5ms)
				SetLoadedEditorAssemblies (0ms)
				RefreshPlugins (1ms)
				BeforeProcessingInitializeOnLoad (53ms)
				ProcessInitializeOnLoadAttributes (173ms)
				ProcessInitializeOnLoadMethodAttributes (9ms)
				AfterProcessingInitializeOnLoad (6ms)
				EditorAssembliesLoaded (0ms)
			ExecutionOrderSort2 (0ms)
			AwakeInstancesAfterBackupRestoration (8ms)
Platform modules already initialized, skipping
Refreshing native plugins compatible for Editor in 0.47 ms, found 3 plugins.
Preloading 0 native plugins for Editor in 0.00 ms.
Unloading 2172 Unused Serialized files (Serialized files now loaded: 0)
System memory in use before: 98.9 MB.
System memory in use after: 99.1 MB.

Unloading 18 unused Assets to reduce memory usage. Loaded Objects now: 2723.
Total: 3.175200 ms (FindLiveObjects: 0.207400 ms CreateObjectMapping: 0.071400 ms MarkObjects: 2.879600 ms  DeleteObjects: 0.016100 ms)

AssetImportParameters requested are different than current active one (requested -> active):
  custom:framework-win-MediaFoundation: 216162199b28c13a410421893ffa2e32 -> 
  custom:video-decoder-ogg-theora: a1e56fd34408186e4bbccfd4996cb3dc -> 
  custom:container-muxer-webm: aa71ff27fc2769a1b78a27578f13a17b -> 
  custom:container-demuxer-webm: 4f35f7cbe854078d1ac9338744f61a02 -> 
  custom:container-demuxer-ogg: 62fdf1f143b41e24485cea50d1cbac27 -> 
  custom:video-encoder-webm-vp8: eb34c28f22e8b96e1ab97ce403110664 -> 
  custom:video-decoder-webm-vp8: 9c59270c3fd7afecdb556c50c9e8de78 -> 
  custom:audio-decoder-ogg-vorbis: bf7c407c2cedff20999df2af8eb42d56 -> 
  custom:audio-encoder-webm-vorbis: bf7c407c2cedff20999df2af8eb42d56 -> 
========================================================================
Received Prepare
Registering precompiled user dll's ...
Registered in 0.006075 seconds.
Begin MonoManager ReloadAssembly
Native extension for WindowsStandalone target not found
Refreshing native plugins compatible for Editor in 0.50 ms, found 3 plugins.
Preloading 0 native plugins for Editor in 0.00 ms.
Mono: successfully reloaded assembly
- Completed reload, in  0.891 seconds
Domain Reload Profiling:
	ReloadAssembly (891ms)
		BeginReloadAssembly (96ms)
			ExecutionOrderSort (0ms)
			DisableScriptedObjects (7ms)
			BackupInstance (0ms)
			ReleaseScriptingObjects (0ms)
			CreateAndSetChildDomain (28ms)
		EndReloadAssembly (735ms)
			LoadAssemblies (84ms)
			RebuildTransferFunctionScriptingTraits (0ms)
			SetupTypeCache (259ms)
			ReleaseScriptCaches (1ms)
			RebuildScriptCaches (38ms)
			SetupLoadedEditorAssemblies (258ms)
				LogAssemblyErrors (0ms)
				InitializePlatformSupportModulesInManaged (5ms)
				SetLoadedEditorAssemblies (0ms)
				RefreshPlugins (1ms)
				BeforeProcessingInitializeOnLoad (57ms)
				ProcessInitializeOnLoadAttributes (179ms)
				ProcessInitializeOnLoadMethodAttributes (9ms)
				AfterProcessingInitializeOnLoad (7ms)
				EditorAssembliesLoaded (0ms)
			ExecutionOrderSort2 (0ms)
			AwakeInstancesAfterBackupRestoration (8ms)
Platform modules already initialized, skipping
Refreshing native plugins compatible for Editor in 0.50 ms, found 3 plugins.
Preloading 0 native plugins for Editor in 0.00 ms.
Unloading 2172 Unused Serialized files (Serialized files now loaded: 0)
System memory in use before: 98.9 MB.
System memory in use after: 99.1 MB.

Unloading 17 unused Assets to reduce memory usage. Loaded Objects now: 2725.
Total: 3.419600 ms (FindLiveObjects: 0.205900 ms CreateObjectMapping: 0.070800 ms MarkObjects: 3.127700 ms  DeleteObjects: 0.014500 ms)

AssetImportParameters requested are different than current active one (requested -> active):
  custom:framework-win-MediaFoundation: 216162199b28c13a410421893ffa2e32 -> 
  custom:video-decoder-ogg-theora: a1e56fd34408186e4bbccfd4996cb3dc -> 
  custom:container-muxer-webm: aa71ff27fc2769a1b78a27578f13a17b -> 
  custom:container-demuxer-webm: 4f35f7cbe854078d1ac9338744f61a02 -> 
  custom:container-demuxer-ogg: 62fdf1f143b41e24485cea50d1cbac27 -> 
  custom:video-encoder-webm-vp8: eb34c28f22e8b96e1ab97ce403110664 -> 
  custom:video-decoder-webm-vp8: 9c59270c3fd7afecdb556c50c9e8de78 -> 
  custom:audio-decoder-ogg-vorbis: bf7c407c2cedff20999df2af8eb42d56 -> 
  custom:audio-encoder-webm-vorbis: bf7c407c2cedff20999df2af8eb42d56 -> 
AssetImportWorkerClient::OnTransportError - code=2 error=End of file
